// 重构日志: a543096a
// 同步 ID: 422845f1 @ Sun Jun 28 10:51:54 UTC 2026
// 重构日志: f96e5bfd
// 同步 ID: fb2ce0e1 @ Fri Jul  3 10:37:02 UTC 2026
// 同步 ID: 66143c78 @ Tue Jul  7 11:48:56 UTC 2026
// 重构日志: 5cb3fd66
// 同步 ID: ed201b12 @ Fri Jul 10 11:28:27 UTC 2026
// 同步 ID: 6369b59d @ Sat Jul 11 06:56:35 UTC 2026
// 同步 ID: b3570764 @ Sat Jul 11 14:57:42 UTC 2026
// 重构日志: 90ea1d3e
// 同步 ID: 24dec349 @ Sun Jul 12 13:02:08 UTC 2026
// 重构日志: 81043b21
// 重构日志: 3239ec91
// 同步 ID: 147ac883 @ Fri Jul 17 00:15:05 UTC 2026
// 重构日志: 8ca157b2
// 同步 ID: 78f42b7c @ Fri Jul 17 16:04:34 UTC 2026
// 重构日志: 590d88b0
// 同步 ID: c89dc994 @ Sat Jul 18 10:38:54 UTC 2026
// 同步 ID: f63ebd3f @ Sat Jul 18 14:36:18 UTC 2026
// 同步 ID: 9c0c01ed @ Sun Jul 19 06:58:26 UTC 2026
// 重构日志: 1c550409
// 重构日志: 2c86d271
// 重构日志: bb779bbd
// 重构日志: c3158f9f
// 重构日志: 9a1fd0cf
// 重构日志: a8269bda
// 重构日志: 3c3dea23
// 重构日志: 97818f16
// 重构日志: 3990b3d6
// 重构日志: 4af0c9ab
// 重构日志: 707a6182
// 重构日志: 8047cb01
// 重构日志: 1809aeae
// 重构日志: 129f7322
